xlpersistentdff.ngc D:/Sysgen_projects/dsp-cores-devel/models/netlist_ddc_bpm_476_066/sysgen/perl_results.vhd addsb_11_0_239e4f614ba09ab1.ngc addsb_11_0_239e4f614ba09ab1.vhd addsb_11_0_26986301a9f671cd.ngc addsb_11_0_26986301a9f671cd.vhd addsb_11_0_8b0747970e52f130.ngc addsb_11_0_8b0747970e52f130.vhd cc_cmplr_v3_0_3ac902fec2d60a4a.ngc cc_cmplr_v3_0_3ac902fec2d60a4a.vhd cc_cmplr_v3_0_d31b0f3a494d423b.ngc cc_cmplr_v3_0_d31b0f3a494d423b.vhd cmpy_v5_0_fc1d91881e8e8ae6.ngc cmpy_v5_0_fc1d91881e8e8ae6.vhd cntr_11_0_3166d4cc5b09c744.ngc cntr_11_0_3166d4cc5b09c744.vhd crdc_v5_0_19fb63dead3076ad.ngc crdc_v5_0_19fb63dead3076ad.vhd dds_cmplr_v5_0_757016b8a434f5d8.ngc dds_cmplr_v5_0_757016b8a434f5d8.vhd dv_gn_v4_0_7887f22978e0003d.ngc dv_gn_v4_0_7887f22978e0003d.vhd dv_gn_v4_0_fc1ee041a30564f8.ngc dv_gn_v4_0_fc1ee041a30564f8.vhd fr_cmplr_v6_3_427173487ade39a1.mif fr_cmplr_v6_3_427173487ade39a1.ngc fr_cmplr_v6_3_427173487ade39a1.vhd fr_cmplr_v6_3_518400b39fb6cdb9.mif fr_cmplr_v6_3_518400b39fb6cdb9.ngc fr_cmplr_v6_3_518400b39fb6cdb9.vhd fr_cmplr_v6_3_966cc03d206c1a0c.mif fr_cmplr_v6_3_966cc03d206c1a0c.ngc fr_cmplr_v6_3_966cc03d206c1a0c.vhd fr_cmplr_v6_3_a41d007fd40e7497.mif fr_cmplr_v6_3_a41d007fd40e7497.ngc fr_cmplr_v6_3_a41d007fd40e7497.vhd fr_cmplr_v6_3_d835bd2112f47abf.mif fr_cmplr_v6_3_d835bd2112f47abf.ngc fr_cmplr_v6_3_d835bd2112f47abf.vhd fr_cmplr_v6_3_ef8269b30b0e0deb.mif fr_cmplr_v6_3_ef8269b30b0e0deb.ngc fr_cmplr_v6_3_ef8269b30b0e0deb.vhd mult_11_2_6d8e463c710483da.ngc mult_11_2_6d8e463c710483da.vhd nonleaf_results.vhd synopsis
opened file ddc_bpm_476_066.vhd
copied addsb_11_0_239e4f614ba09ab1.vhd
copied addsb_11_0_26986301a9f671cd.vhd
copied addsb_11_0_8b0747970e52f130.vhd
copied cc_cmplr_v3_0_3ac902fec2d60a4a.vhd
copied cc_cmplr_v3_0_d31b0f3a494d423b.vhd
copied cmpy_v5_0_fc1d91881e8e8ae6.vhd
copied cntr_11_0_3166d4cc5b09c744.vhd
copied crdc_v5_0_19fb63dead3076ad.vhd
copied dds_cmplr_v5_0_757016b8a434f5d8.vhd
copied dv_gn_v4_0_7887f22978e0003d.vhd
copied dv_gn_v4_0_fc1ee041a30564f8.vhd
copied fr_cmplr_v6_3_427173487ade39a1.vhd
copied fr_cmplr_v6_3_518400b39fb6cdb9.vhd
copied fr_cmplr_v6_3_966cc03d206c1a0c.vhd
copied fr_cmplr_v6_3_a41d007fd40e7497.vhd
copied fr_cmplr_v6_3_d835bd2112f47abf.vhd
copied fr_cmplr_v6_3_ef8269b30b0e0deb.vhd
copied mult_11_2_6d8e463c710483da.vhd
copied D:/Sysgen_projects/dsp-cores-devel/models/netlist_ddc_bpm_476_066/sysgen/perl_results.vhd
copied nonleaf_results.vhd
