xlpersistentdff.ngc D:/Sysgen_projects/dsp-cores-pos_calc_wishbonized/models/netlist_ddc_bpm_476_066_artix7/sysgen/perl_results.vhd addsb_11_0_293aa5f110d040c2.ngc addsb_11_0_293aa5f110d040c2.vhd addsb_11_0_3537d66a2361cd1e.ngc addsb_11_0_3537d66a2361cd1e.vhd addsb_11_0_44053abf11139d96.ngc addsb_11_0_44053abf11139d96.vhd cc_cmplr_v3_0_b0e4464d968a7cb6.ngc cc_cmplr_v3_0_b0e4464d968a7cb6.vhd cc_cmplr_v3_0_d2f9793114117bd1.ngc cc_cmplr_v3_0_d2f9793114117bd1.vhd cmpy_v5_0_02d02e0a23eb9773.ngc cmpy_v5_0_02d02e0a23eb9773.vhd cntr_11_0_eb46eda57512a5a4.ngc cntr_11_0_eb46eda57512a5a4.vhd crdc_v5_0_195fd6ad9c516e66.ngc crdc_v5_0_195fd6ad9c516e66.vhd dds_cmplr_v5_0_3e2bf2bcd5952d6d.ngc dds_cmplr_v5_0_3e2bf2bcd5952d6d.vhd dv_gn_v4_0_32544a1ca1c095fd.ngc dv_gn_v4_0_32544a1ca1c095fd.vhd dv_gn_v4_0_dc31160d1288a80d.ngc dv_gn_v4_0_dc31160d1288a80d.vhd fr_cmplr_v6_3_09a75cbfcaf75117.mif fr_cmplr_v6_3_09a75cbfcaf75117.ngc fr_cmplr_v6_3_09a75cbfcaf75117.vhd fr_cmplr_v6_3_32a9adadcb43f503.mif fr_cmplr_v6_3_32a9adadcb43f503.ngc fr_cmplr_v6_3_32a9adadcb43f503.vhd fr_cmplr_v6_3_59b412fcdb265197.mif fr_cmplr_v6_3_59b412fcdb265197.ngc fr_cmplr_v6_3_59b412fcdb265197.vhd fr_cmplr_v6_3_b5b2d7a6525a2223.mif fr_cmplr_v6_3_b5b2d7a6525a2223.ngc fr_cmplr_v6_3_b5b2d7a6525a2223.vhd fr_cmplr_v6_3_cba840ea19a9ffac.mif fr_cmplr_v6_3_cba840ea19a9ffac.ngc fr_cmplr_v6_3_cba840ea19a9ffac.vhd mult_11_2_d7c7fef7b12f2f23.ngc mult_11_2_d7c7fef7b12f2f23.vhd nonleaf_results.vhd synopsis
opened file ddc_bpm_476_066.vhd
copied addsb_11_0_293aa5f110d040c2.vhd
copied addsb_11_0_3537d66a2361cd1e.vhd
copied addsb_11_0_44053abf11139d96.vhd
copied cc_cmplr_v3_0_b0e4464d968a7cb6.vhd
copied cc_cmplr_v3_0_d2f9793114117bd1.vhd
copied cmpy_v5_0_02d02e0a23eb9773.vhd
copied cntr_11_0_eb46eda57512a5a4.vhd
copied crdc_v5_0_195fd6ad9c516e66.vhd
copied dds_cmplr_v5_0_3e2bf2bcd5952d6d.vhd
copied dv_gn_v4_0_32544a1ca1c095fd.vhd
copied dv_gn_v4_0_dc31160d1288a80d.vhd
copied fr_cmplr_v6_3_09a75cbfcaf75117.vhd
copied fr_cmplr_v6_3_32a9adadcb43f503.vhd
copied fr_cmplr_v6_3_59b412fcdb265197.vhd
copied fr_cmplr_v6_3_b5b2d7a6525a2223.vhd
copied fr_cmplr_v6_3_cba840ea19a9ffac.vhd
copied mult_11_2_d7c7fef7b12f2f23.vhd
copied D:/Sysgen_projects/dsp-cores-pos_calc_wishbonized/models/netlist_ddc_bpm_476_066_artix7/sysgen/perl_results.vhd
copied nonleaf_results.vhd
